<?xml version="1.0" encoding="UTF-8"?>
<testng-results skipped="0" failed="0" ignored="0" total="1" passed="1">
  <reporter-output>
    <line>
      <![CDATA[Data:Username]]>
    </line>
    <line>
      <![CDATA[Row:1]]>
    </line>
    <line>
      <![CDATA[Photo:./photo/Thu Sep 27 12_06_44 IST 2018.png]]>
    </line>
  </reporter-output>
  <suite name="Default suite" duration-ms="34389" started-at="2018-09-27T06:36:13Z" finished-at="2018-09-27T06:36:47Z">
    <groups>
    </groups>
    <test name="Default test" duration-ms="34389" started-at="2018-09-27T06:36:13Z" finished-at="2018-09-27T06:36:47Z">
      <class name="script.TestDemo">
        <test-method status="PASS" signature="openApp()[pri:0, instance:script.TestDemo@7d9d1a19]" name="openApp" is-config="true" duration-ms="26930" started-at="2018-09-27T06:36:13Z" finished-at="2018-09-27T06:36:40Z">
          <reporter-output>
          </reporter-output>
        </test-method> <!-- openApp -->
        <test-method status="PASS" signature="testA()[pri:0, instance:script.TestDemo@7d9d1a19]" name="testA" duration-ms="5248" started-at="2018-09-27T06:36:40Z" finished-at="2018-09-27T06:36:45Z">
          <reporter-output>
            <line>
              <![CDATA[Data:Username]]>
            </line>
            <line>
              <![CDATA[Row:1]]>
            </line>
            <line>
              <![CDATA[Photo:./photo/Thu Sep 27 12_06_44 IST 2018.png]]>
            </line>
          </reporter-output>
        </test-method> <!-- testA -->
        <test-method status="PASS" signature="closeApp()[pri:0, instance:script.TestDemo@7d9d1a19]" name="closeApp" is-config="true" duration-ms="2155" started-at="2018-09-27T06:36:45Z" finished-at="2018-09-27T06:36:47Z">
          <reporter-output>
          </reporter-output>
        </test-method> <!-- closeApp -->
      </class> <!-- script.TestDemo -->
    </test> <!-- Default test -->
  </suite> <!-- Default suite -->
</testng-results>
