<?xml version="1.0" encoding="UTF-8"?>
<testng-results skipped="0" failed="0" ignored="0" total="1" passed="1">
  <reporter-output>
    <line>
      <![CDATA[Test : testLoginLogout is PASSED ]]>
    </line>
  </reporter-output>
  <suite name="Default suite" duration-ms="27755" started-at="2018-10-01T09:10:30Z" finished-at="2018-10-01T09:10:58Z">
    <groups>
      <group name="smoke">
        <method signature="TestLoginLogout.testLoginLogout()[pri:1, instance:script.TestLoginLogout@480bdb19]" name="testLoginLogout" class="script.TestLoginLogout"/>
      </group> <!-- smoke -->
      <group name="login">
        <method signature="TestLoginLogout.testLoginLogout()[pri:1, instance:script.TestLoginLogout@480bdb19]" name="testLoginLogout" class="script.TestLoginLogout"/>
      </group> <!-- login -->
    </groups>
    <test name="Default test" duration-ms="27755" started-at="2018-10-01T09:10:30Z" finished-at="2018-10-01T09:10:58Z">
      <class name="script.TestLoginLogout">
        <test-method status="PASS" signature="openApp(java.lang.String, java.lang.String)[pri:0, instance:script.TestLoginLogout@480bdb19]" name="openApp" is-config="true" duration-ms="14532" started-at="2018-10-01T09:10:30Z" finished-at="2018-10-01T09:10:45Z">
          <params>
            <param index="0">
              <value>
                <![CDATA[localhost]]>
              </value>
            </param>
            <param index="1">
              <value>
                <![CDATA[chrome]]>
              </value>
            </param>
          </params>
          <reporter-output>
          </reporter-output>
        </test-method> <!-- openApp -->
        <test-method status="PASS" signature="testLoginLogout()[pri:1, instance:script.TestLoginLogout@480bdb19]" name="testLoginLogout" duration-ms="11595" started-at="2018-10-01T09:10:45Z" finished-at="2018-10-01T09:10:56Z">
          <reporter-output>
          </reporter-output>
        </test-method> <!-- testLoginLogout -->
        <test-method status="PASS" signature="closeApp(org.testng.ITestResult)[pri:0, instance:script.TestLoginLogout@480bdb19]" name="closeApp" is-config="true" duration-ms="1566" started-at="2018-10-01T09:10:56Z" finished-at="2018-10-01T09:10:58Z">
          <params>
            <param index="0">
              <value>
                <![CDATA[[TestResult name=testLoginLogout status=SUCCESS method=TestLoginLogout.testLoginLogout()[pri:1, instance:script.TestLoginLogout@480bdb19] output={null}]]]>
              </value>
            </param>
          </params>
          <reporter-output>
            <line>
              <![CDATA[Test : testLoginLogout is PASSED ]]>
            </line>
          </reporter-output>
        </test-method> <!-- closeApp -->
      </class> <!-- script.TestLoginLogout -->
    </test> <!-- Default test -->
  </suite> <!-- Default suite -->
</testng-results>
